<?xml version="1.0" encoding="UTF-8"?>
<!-- Generated by org.testng.reporters.JUnitReportReporter -->
<testsuite hostname="SanPC" failures="0" tests="2" name="amazontest.AddTocart" time="26.078" errors="0" timestamp="2024-02-07T17:45:08 IST" skipped="0">
  <testcase classname="amazontest.AddTocart" name="openApp" time="9.745"/>
  <system-out/>
  <testcase classname="amazontest.AddTocart" name="addToCart" time="16.333"/>
  <system-out/>
</testsuite> <!-- amazontest.AddTocart -->
