<?xml version="1.0" encoding="UTF-8"?>
<!-- Generated by org.testng.reporters.JUnitReportReporter -->
<testsuite hostname="SanPC" failures="0" tests="2" name="amazontest.SearchForProduct" time="13.702" errors="0" timestamp="2024-02-07T17:45:08 IST" skipped="0">
  <testcase classname="amazontest.SearchForProduct" name="openApp" time="10.635"/>
  <system-out/>
  <testcase classname="amazontest.SearchForProduct" name="searchProduct" time="3.067"/>
  <system-out/>
</testsuite> <!-- amazontest.SearchForProduct -->
